
Warning: PHP Startup: Unable to load dynamic library 'curl' (tried: C:/laragon/bin/php/php-8.3.23-Win32-vs16-x64/ext\curl (The specified module could not be found), C:/laragon/bin/php/php-8.3.23-Win32-vs16-x64/ext\php_curl.dll (The specified module could not be found)) in Unknown on line 0

Warning: PHP Startup: Unable to load dynamic library 'fileinfo' (tried: C:/laragon/bin/php/php-8.3.23-Win32-vs16-x64/ext\fileinfo (The specified module could not be found), C:/laragon/bin/php/php-8.3.23-Win32-vs16-x64/ext\php_fileinfo.dll (The specified module could not be found)) in Unknown on line 0

Warning: PHP Startup: Unable to load dynamic library 'gd' (tried: C:/laragon/bin/php/php-8.3.23-Win32-vs16-x64/ext\gd (The specified module could not be found), C:/laragon/bin/php/php-8.3.23-Win32-vs16-x64/ext\php_gd.dll (The specified module could not be found)) in Unknown on line 0

Warning: PHP Startup: Unable to load dynamic library 'intl' (tried: C:/laragon/bin/php/php-8.3.23-Win32-vs16-x64/ext\intl (The specified module could not be found), C:/laragon/bin/php/php-8.3.23-Win32-vs16-x64/ext\php_intl.dll (The specified module could not be found)) in Unknown on line 0

Warning: PHP Startup: Unable to load dynamic library 'mbstring' (tried: C:/laragon/bin/php/php-8.3.23-Win32-vs16-x64/ext\mbstring (The specified module could not be found), C:/laragon/bin/php/php-8.3.23-Win32-vs16-x64/ext\php_mbstring.dll (The specified module could not be found)) in Unknown on line 0

Warning: PHP Startup: Unable to load dynamic library 'exif' (tried: C:/laragon/bin/php/php-8.3.23-Win32-vs16-x64/ext\exif (The specified module could not be found), C:/laragon/bin/php/php-8.3.23-Win32-vs16-x64/ext\php_exif.dll (The specified module could not be found)) in Unknown on line 0

Warning: PHP Startup: Unable to load dynamic library 'mysqli' (tried: C:/laragon/bin/php/php-8.3.23-Win32-vs16-x64/ext\mysqli (The specified module could not be found), C:/laragon/bin/php/php-8.3.23-Win32-vs16-x64/ext\php_mysqli.dll (The specified module could not be found)) in Unknown on line 0

Warning: PHP Startup: Unable to load dynamic library 'openssl' (tried: C:/laragon/bin/php/php-8.3.23-Win32-vs16-x64/ext\openssl (The specified module could not be found), C:/laragon/bin/php/php-8.3.23-Win32-vs16-x64/ext\php_openssl.dll (The specified module could not be found)) in Unknown on line 0

Warning: PHP Startup: Unable to load dynamic library 'pdo_mysql' (tried: C:/laragon/bin/php/php-8.3.23-Win32-vs16-x64/ext\pdo_mysql (The specified module could not be found), C:/laragon/bin/php/php-8.3.23-Win32-vs16-x64/ext\php_pdo_mysql.dll (The specified module could not be found)) in Unknown on line 0

Warning: PHP Startup: Unable to load dynamic library 'xsl' (tried: C:/laragon/bin/php/php-8.3.23-Win32-vs16-x64/ext\xsl (The specified module could not be found), C:/laragon/bin/php/php-8.3.23-Win32-vs16-x64/ext\php_xsl.dll (The specified module could not be found)) in Unknown on line 0

   Illuminate\Database\QueryException 

  could not find driver (Connection: mysql, SQL: select * from `cache` where `key` in (woosoo_cache_laravel:reverb:restart))

  at vendor\laravel\framework\src\Illuminate\Database\Connection.php:822
    818▕                     $this->getName(), $query, $this->prepareBindings($bindings), $e
    819▕                 );
    820▕             }
    821▕ 
  ➜ 822▕             throw new QueryException(
    823▕                 $this->getName(), $query, $this->prepareBindings($bindings), $e
    824▕             );
    825▕         }
    826▕     }

  1   vendor\laravel\framework\src\Illuminate\Database\Connectors\Connector.php:66
      PDOException::("could not find driver")

  2   vendor\laravel\framework\src\Illuminate\Database\Connectors\Connector.php:66
      PDO::__construct("mysql:host=127.0.0.1;port=3306;dbname=woosoo_db", "root", Object(SensitiveParameterValue), [])


Warning: PHP Startup: Unable to load dynamic library 'curl' (tried: C:/laragon/bin/php/php-8.3.23-Win32-vs16-x64/ext\curl (The specified module could not be found), C:/laragon/bin/php/php-8.3.23-Win32-vs16-x64/ext\php_curl.dll (The specified module could not be found)) in Unknown on line 0

Warning: PHP Startup: Unable to load dynamic library 'fileinfo' (tried: C:/laragon/bin/php/php-8.3.23-Win32-vs16-x64/ext\fileinfo (The specified module could not be found), C:/laragon/bin/php/php-8.3.23-Win32-vs16-x64/ext\php_fileinfo.dll (The specified module could not be found)) in Unknown on line 0

Warning: PHP Startup: Unable to load dynamic library 'gd' (tried: C:/laragon/bin/php/php-8.3.23-Win32-vs16-x64/ext\gd (The specified module could not be found), C:/laragon/bin/php/php-8.3.23-Win32-vs16-x64/ext\php_gd.dll (The specified module could not be found)) in Unknown on line 0

Warning: PHP Startup: Unable to load dynamic library 'intl' (tried: C:/laragon/bin/php/php-8.3.23-Win32-vs16-x64/ext\intl (The specified module could not be found), C:/laragon/bin/php/php-8.3.23-Win32-vs16-x64/ext\php_intl.dll (The specified module could not be found)) in Unknown on line 0

Warning: PHP Startup: Unable to load dynamic library 'mbstring' (tried: C:/laragon/bin/php/php-8.3.23-Win32-vs16-x64/ext\mbstring (The specified module could not be found), C:/laragon/bin/php/php-8.3.23-Win32-vs16-x64/ext\php_mbstring.dll (The specified module could not be found)) in Unknown on line 0

Warning: PHP Startup: Unable to load dynamic library 'exif' (tried: C:/laragon/bin/php/php-8.3.23-Win32-vs16-x64/ext\exif (The specified module could not be found), C:/laragon/bin/php/php-8.3.23-Win32-vs16-x64/ext\php_exif.dll (The specified module could not be found)) in Unknown on line 0

Warning: PHP Startup: Unable to load dynamic library 'mysqli' (tried: C:/laragon/bin/php/php-8.3.23-Win32-vs16-x64/ext\mysqli (The specified module could not be found), C:/laragon/bin/php/php-8.3.23-Win32-vs16-x64/ext\php_mysqli.dll (The specified module could not be found)) in Unknown on line 0

Warning: PHP Startup: Unable to load dynamic library 'openssl' (tried: C:/laragon/bin/php/php-8.3.23-Win32-vs16-x64/ext\openssl (The specified module could not be found), C:/laragon/bin/php/php-8.3.23-Win32-vs16-x64/ext\php_openssl.dll (The specified module could not be found)) in Unknown on line 0

Warning: PHP Startup: Unable to load dynamic library 'pdo_mysql' (tried: C:/laragon/bin/php/php-8.3.23-Win32-vs16-x64/ext\pdo_mysql (The specified module could not be found), C:/laragon/bin/php/php-8.3.23-Win32-vs16-x64/ext\php_pdo_mysql.dll (The specified module could not be found)) in Unknown on line 0

Warning: PHP Startup: Unable to load dynamic library 'xsl' (tried: C:/laragon/bin/php/php-8.3.23-Win32-vs16-x64/ext\xsl (The specified module could not be found), C:/laragon/bin/php/php-8.3.23-Win32-vs16-x64/ext\php_xsl.dll (The specified module could not be found)) in Unknown on line 0

   Illuminate\Database\QueryException 

  could not find driver (Connection: mysql, SQL: select * from `cache` where `key` in (woosoo_cache_laravel:reverb:restart))

  at vendor\laravel\framework\src\Illuminate\Database\Connection.php:822
    818▕                     $this->getName(), $query, $this->prepareBindings($bindings), $e
    819▕                 );
    820▕             }
    821▕ 
  ➜ 822▕             throw new QueryException(
    823▕                 $this->getName(), $query, $this->prepareBindings($bindings), $e
    824▕             );
    825▕         }
    826▕     }

  1   vendor\laravel\framework\src\Illuminate\Database\Connectors\Connector.php:66
      PDOException::("could not find driver")

  2   vendor\laravel\framework\src\Illuminate\Database\Connectors\Connector.php:66
      PDO::__construct("mysql:host=127.0.0.1;port=3306;dbname=woosoo_db", "root", Object(SensitiveParameterValue), [])


Warning: PHP Startup: Unable to load dynamic library 'curl' (tried: C:/laragon/bin/php/php-8.3.23-Win32-vs16-x64/ext\curl (The specified module could not be found), C:/laragon/bin/php/php-8.3.23-Win32-vs16-x64/ext\php_curl.dll (The specified module could not be found)) in Unknown on line 0

Warning: PHP Startup: Unable to load dynamic library 'fileinfo' (tried: C:/laragon/bin/php/php-8.3.23-Win32-vs16-x64/ext\fileinfo (The specified module could not be found), C:/laragon/bin/php/php-8.3.23-Win32-vs16-x64/ext\php_fileinfo.dll (The specified module could not be found)) in Unknown on line 0

Warning: PHP Startup: Unable to load dynamic library 'gd' (tried: C:/laragon/bin/php/php-8.3.23-Win32-vs16-x64/ext\gd (The specified module could not be found), C:/laragon/bin/php/php-8.3.23-Win32-vs16-x64/ext\php_gd.dll (The specified module could not be found)) in Unknown on line 0

Warning: PHP Startup: Unable to load dynamic library 'intl' (tried: C:/laragon/bin/php/php-8.3.23-Win32-vs16-x64/ext\intl (The specified module could not be found), C:/laragon/bin/php/php-8.3.23-Win32-vs16-x64/ext\php_intl.dll (The specified module could not be found)) in Unknown on line 0

Warning: PHP Startup: Unable to load dynamic library 'mbstring' (tried: C:/laragon/bin/php/php-8.3.23-Win32-vs16-x64/ext\mbstring (The specified module could not be found), C:/laragon/bin/php/php-8.3.23-Win32-vs16-x64/ext\php_mbstring.dll (The specified module could not be found)) in Unknown on line 0

Warning: PHP Startup: Unable to load dynamic library 'exif' (tried: C:/laragon/bin/php/php-8.3.23-Win32-vs16-x64/ext\exif (The specified module could not be found), C:/laragon/bin/php/php-8.3.23-Win32-vs16-x64/ext\php_exif.dll (The specified module could not be found)) in Unknown on line 0

Warning: PHP Startup: Unable to load dynamic library 'mysqli' (tried: C:/laragon/bin/php/php-8.3.23-Win32-vs16-x64/ext\mysqli (The specified module could not be found), C:/laragon/bin/php/php-8.3.23-Win32-vs16-x64/ext\php_mysqli.dll (The specified module could not be found)) in Unknown on line 0

Warning: PHP Startup: Unable to load dynamic library 'openssl' (tried: C:/laragon/bin/php/php-8.3.23-Win32-vs16-x64/ext\openssl (The specified module could not be found), C:/laragon/bin/php/php-8.3.23-Win32-vs16-x64/ext\php_openssl.dll (The specified module could not be found)) in Unknown on line 0

Warning: PHP Startup: Unable to load dynamic library 'pdo_mysql' (tried: C:/laragon/bin/php/php-8.3.23-Win32-vs16-x64/ext\pdo_mysql (The specified module could not be found), C:/laragon/bin/php/php-8.3.23-Win32-vs16-x64/ext\php_pdo_mysql.dll (The specified module could not be found)) in Unknown on line 0

Warning: PHP Startup: Unable to load dynamic library 'xsl' (tried: C:/laragon/bin/php/php-8.3.23-Win32-vs16-x64/ext\xsl (The specified module could not be found), C:/laragon/bin/php/php-8.3.23-Win32-vs16-x64/ext\php_xsl.dll (The specified module could not be found)) in Unknown on line 0

   Illuminate\Database\QueryException 

  could not find driver (Connection: mysql, SQL: select * from `cache` where `key` in (woosoo_cache_laravel:reverb:restart))

  at vendor\laravel\framework\src\Illuminate\Database\Connection.php:822
    818▕                     $this->getName(), $query, $this->prepareBindings($bindings), $e
    819▕                 );
    820▕             }
    821▕ 
  ➜ 822▕             throw new QueryException(
    823▕                 $this->getName(), $query, $this->prepareBindings($bindings), $e
    824▕             );
    825▕         }
    826▕     }

  1   vendor\laravel\framework\src\Illuminate\Database\Connectors\Connector.php:66
      PDOException::("could not find driver")

  2   vendor\laravel\framework\src\Illuminate\Database\Connectors\Connector.php:66
      PDO::__construct("mysql:host=127.0.0.1;port=3306;dbname=woosoo_db", "root", Object(SensitiveParameterValue), [])


Warning: PHP Startup: Unable to load dynamic library 'curl' (tried: C:/laragon/bin/php/php-8.3.23-Win32-vs16-x64/ext\curl (The specified module could not be found), C:/laragon/bin/php/php-8.3.23-Win32-vs16-x64/ext\php_curl.dll (The specified module could not be found)) in Unknown on line 0

Warning: PHP Startup: Unable to load dynamic library 'fileinfo' (tried: C:/laragon/bin/php/php-8.3.23-Win32-vs16-x64/ext\fileinfo (The specified module could not be found), C:/laragon/bin/php/php-8.3.23-Win32-vs16-x64/ext\php_fileinfo.dll (The specified module could not be found)) in Unknown on line 0

Warning: PHP Startup: Unable to load dynamic library 'gd' (tried: C:/laragon/bin/php/php-8.3.23-Win32-vs16-x64/ext\gd (The specified module could not be found), C:/laragon/bin/php/php-8.3.23-Win32-vs16-x64/ext\php_gd.dll (The specified module could not be found)) in Unknown on line 0

Warning: PHP Startup: Unable to load dynamic library 'intl' (tried: C:/laragon/bin/php/php-8.3.23-Win32-vs16-x64/ext\intl (The specified module could not be found), C:/laragon/bin/php/php-8.3.23-Win32-vs16-x64/ext\php_intl.dll (The specified module could not be found)) in Unknown on line 0

Warning: PHP Startup: Unable to load dynamic library 'mbstring' (tried: C:/laragon/bin/php/php-8.3.23-Win32-vs16-x64/ext\mbstring (The specified module could not be found), C:/laragon/bin/php/php-8.3.23-Win32-vs16-x64/ext\php_mbstring.dll (The specified module could not be found)) in Unknown on line 0

Warning: PHP Startup: Unable to load dynamic library 'exif' (tried: C:/laragon/bin/php/php-8.3.23-Win32-vs16-x64/ext\exif (The specified module could not be found), C:/laragon/bin/php/php-8.3.23-Win32-vs16-x64/ext\php_exif.dll (The specified module could not be found)) in Unknown on line 0

Warning: PHP Startup: Unable to load dynamic library 'mysqli' (tried: C:/laragon/bin/php/php-8.3.23-Win32-vs16-x64/ext\mysqli (The specified module could not be found), C:/laragon/bin/php/php-8.3.23-Win32-vs16-x64/ext\php_mysqli.dll (The specified module could not be found)) in Unknown on line 0

Warning: PHP Startup: Unable to load dynamic library 'openssl' (tried: C:/laragon/bin/php/php-8.3.23-Win32-vs16-x64/ext\openssl (The specified module could not be found), C:/laragon/bin/php/php-8.3.23-Win32-vs16-x64/ext\php_openssl.dll (The specified module could not be found)) in Unknown on line 0

Warning: PHP Startup: Unable to load dynamic library 'pdo_mysql' (tried: C:/laragon/bin/php/php-8.3.23-Win32-vs16-x64/ext\pdo_mysql (The specified module could not be found), C:/laragon/bin/php/php-8.3.23-Win32-vs16-x64/ext\php_pdo_mysql.dll (The specified module could not be found)) in Unknown on line 0

Warning: PHP Startup: Unable to load dynamic library 'xsl' (tried: C:/laragon/bin/php/php-8.3.23-Win32-vs16-x64/ext\xsl (The specified module could not be found), C:/laragon/bin/php/php-8.3.23-Win32-vs16-x64/ext\php_xsl.dll (The specified module could not be found)) in Unknown on line 0

   Illuminate\Database\QueryException 

  could not find driver (Connection: mysql, SQL: select * from `cache` where `key` in (woosoo_cache_laravel:reverb:restart))

  at vendor\laravel\framework\src\Illuminate\Database\Connection.php:822
    818▕                     $this->getName(), $query, $this->prepareBindings($bindings), $e
    819▕                 );
    820▕             }
    821▕ 
  ➜ 822▕             throw new QueryException(
    823▕                 $this->getName(), $query, $this->prepareBindings($bindings), $e
    824▕             );
    825▕         }
    826▕     }

  1   vendor\laravel\framework\src\Illuminate\Database\Connectors\Connector.php:66
      PDOException::("could not find driver")

  2   vendor\laravel\framework\src\Illuminate\Database\Connectors\Connector.php:66
      PDO::__construct("mysql:host=127.0.0.1;port=3306;dbname=woosoo_db", "root", Object(SensitiveParameterValue), [])


   INFO  Gracefully terminating connections.  

